d:\smart logistics platform\smart-logistics-platform\smart logistics\smart logistics\debug\vc120.pdb
d:\smart logistics platform\smart-logistics-platform\smart logistics\smart logistics\debug\vc120.idb
d:\smart logistics platform\smart-logistics-platform\smart logistics\smart logistics\debug\chartrans.obj
d:\smart logistics platform\smart-logistics-platform\smart logistics\smart logistics\debug\comimpl.obj
d:\smart logistics platform\smart-logistics-platform\smart logistics\smart logistics\debug\communication.obj
d:\smart logistics platform\smart-logistics-platform\smart logistics\smart logistics\debug\geoimpl.obj
d:\smart logistics platform\smart-logistics-platform\smart logistics\smart logistics\debug\geoinfo.obj
d:\smart logistics platform\smart-logistics-platform\smart logistics\smart logistics\debug\json_reader.obj
d:\smart logistics platform\smart-logistics-platform\smart logistics\smart logistics\debug\json_value.obj
d:\smart logistics platform\smart-logistics-platform\smart logistics\smart logistics\debug\json_writer.obj
d:\smart logistics platform\smart-logistics-platform\smart logistics\smart logistics\debug\smart logistics.obj
d:\smart logistics platform\smart-logistics-platform\smart logistics\smart logistics\debug\stdafx.obj
d:\smart logistics platform\smart-logistics-platform\smart logistics\debug\smart logistics.ilk
d:\smart logistics platform\smart-logistics-platform\smart logistics\debug\smart logistics.exe
d:\smart logistics platform\smart-logistics-platform\smart logistics\smart logistics\debug\smart logistics.tlog\cl.command.1.tlog
d:\smart logistics platform\smart-logistics-platform\smart logistics\smart logistics\debug\smart logistics.tlog\cl.read.1.tlog
d:\smart logistics platform\smart-logistics-platform\smart logistics\smart logistics\debug\smart logistics.tlog\cl.write.1.tlog
d:\smart logistics platform\smart-logistics-platform\smart logistics\smart logistics\debug\smart logistics.tlog\link.command.1.tlog
d:\smart logistics platform\smart-logistics-platform\smart logistics\smart logistics\debug\smart logistics.tlog\link.read.1.tlog
d:\smart logistics platform\smart-logistics-platform\smart logistics\smart logistics\debug\smart logistics.tlog\link.write.1.tlog
