d:\smart logistics platform\smart-logistics-platform\smart logistics\smart logistic dll\debug\vc141.pdb
d:\smart logistics platform\smart-logistics-platform\smart logistics\smart logistic dll\debug\stdafx.obj
d:\smart logistics platform\smart-logistics-platform\smart logistics\smart logistic dll\debug\smart logistic dll.obj
d:\smart logistics platform\smart-logistics-platform\smart logistics\smart logistic dll\debug\json_writer.obj
d:\smart logistics platform\smart-logistics-platform\smart logistics\smart logistic dll\debug\json_value.obj
d:\smart logistics platform\smart-logistics-platform\smart logistics\smart logistic dll\debug\json_reader.obj
d:\smart logistics platform\smart-logistics-platform\smart logistics\smart logistic dll\debug\geoinfo.obj
d:\smart logistics platform\smart-logistics-platform\smart logistics\smart logistic dll\debug\geoimpl.obj
d:\smart logistics platform\smart-logistics-platform\smart logistics\smart logistic dll\debug\communication.obj
d:\smart logistics platform\smart-logistics-platform\smart logistics\smart logistic dll\debug\comimpl.obj
d:\smart logistics platform\smart-logistics-platform\smart logistics\smart logistic dll\debug\chartrans.obj
d:\smart logistics platform\smart-logistics-platform\smart logistics\smart logistic dll\debug\midinterface.obj
d:\smart logistics platform\smart-logistics-platform\smart logistics\smart logistic dll\debug\dllmain.obj
d:\smart logistics platform\smart-logistics-platform\smart logistics\smart logistic dll\debug\.netframework,version=v4.0.assemblyattributes.obj
d:\smart logistics platform\smart-logistics-platform\smart logistics\smart logistic dll\debug\.netframework,version=v4.0.assemblyattributes.asm
d:\smart logistics platform\smart-logistics-platform\smart logistics\debug\smart logistic dll.dll
d:\smart logistics platform\smart-logistics-platform\smart logistics\debug\smart logistic dll.pdb
d:\smart logistics platform\smart-logistics-platform\smart logistics\debug\smart logistic dll.lib
d:\smart logistics platform\smart-logistics-platform\smart logistics\debug\smart logistic dll.exp
d:\smart logistics platform\smart-logistics-platform\smart logistics\smart logistic dll\debug\smart logistic dll.vcxprojresolveassemblyreference.cache
d:\smart logistics platform\smart-logistics-platform\smart logistics\smart logistic dll\debug\smart lo.93735e2f.tlog\cl.command.1.tlog
d:\smart logistics platform\smart-logistics-platform\smart logistics\smart logistic dll\debug\smart lo.93735e2f.tlog\cl.read.1.tlog
d:\smart logistics platform\smart-logistics-platform\smart logistics\smart logistic dll\debug\smart lo.93735e2f.tlog\cl.write.1.tlog
d:\smart logistics platform\smart-logistics-platform\smart logistics\smart logistic dll\debug\smart lo.93735e2f.tlog\link.command.1.tlog
d:\smart logistics platform\smart-logistics-platform\smart logistics\smart logistic dll\debug\smart lo.93735e2f.tlog\link.read.1.tlog
d:\smart logistics platform\smart-logistics-platform\smart logistics\smart logistic dll\debug\smart lo.93735e2f.tlog\link.write.1.tlog
d:\smart logistics platform\smart-logistics-platform\smart logistics\smart logistic dll\debug\smart lo.93735e2f.tlog\metagen.read.1.tlog
d:\smart logistics platform\smart-logistics-platform\smart logistics\smart logistic dll\debug\smart lo.93735e2f.tlog\metagen.write.1.tlog
d:\smart logistics platform\smart-logistics-platform\smart logistics\smart logistic dll\debug\smart lo.93735e2f.tlog\smart logistic dll.write.1u.tlog
d:\smart logistics platform\smart-logistics-platform\smart logistics\smart logistic dll\debug\smart lo.93735e2f.tlog\tzres.dll.bi
