  charTrans.cpp
application\source\charTrans.cpp(25): warning C4996: 'wcstombs': This function or variable may be unsafe. Consider using wcstombs_s instead. To disable deprecation, use _CRT_SECURE_NO_WARNINGS. See online help for details.
          C:\Program Files (x86)\Microsoft Visual Studio 12.0\VC\include\stdlib.h(575) : see declaration of 'wcstombs'
application\source\charTrans.cpp(36): warning C4996: 'mbstowcs': This function or variable may be unsafe. Consider using mbstowcs_s instead. To disable deprecation, use _CRT_SECURE_NO_WARNINGS. See online help for details.
          C:\Program Files (x86)\Microsoft Visual Studio 12.0\VC\include\stdlib.h(528) : see declaration of 'mbstowcs'
  comImpl.cpp
  communication.cpp
application\source\communication.cpp(16): warning C4800: 'unsigned int' : forcing value to bool 'true' or 'false' (performance warning)
  geoImpl.cpp
  geoInfo.cpp
  json_reader.cpp
  json_value.cpp
  json_writer.cpp
  midInterface.cpp
  smart logistic dll.cpp
  stdafx.cpp
  Generating Code...
d:\smart logistics platform\smart-logistics-platform\smart logistics\smart logistic dll\application\source\communication.cpp(12): warning C4715: 'communication::connectServer' : not all control paths return a value
  dllmain.cpp
  .NETFramework,Version=v4.0.AssemblyAttributes.cpp
     Creating library D:\smart logistics platform\smart-logistics-platform\smart logistics\Debug\smart logistic dll.lib and object D:\smart logistics platform\smart-logistics-platform\smart logistics\Debug\smart logistic dll.exp
  smart logistic dll.vcxproj -> D:\smart logistics platform\smart-logistics-platform\smart logistics\Debug\smart logistic dll.dll
